#time MU_App1 MU_App2 MU_App3 MU_App4
0 1780 1682 1770 2664
5 1780 1682 1770 2664
10 1780 1682 1770 2664
15 1780 1682 1770 2665
20 1780 1682 1770 2681
25 1780 1682 1770 2681
30 1780 1682 1770 2681
35 1780 1682 1770 2681
40 1780 1682 1770 2681
45 1780 1682 1770 2681
50 1780 1682 1770 2681
55 1780 1682 1770 2681
60 1780 1682 1770 2681
65 1780 1682 1770 2681
70 1780 1682 1770 2681
75 1780 1682 1770 2681
80 1780 1682 1770 2681
85 1780 1682 1770 2681
90 1780 1682 1770 2681
95 1780 1682 1770 2681
100 1780 1682 1770 2681
105 1780 1682 1770 2681
110 1780 1682 1770 2681
115 1780 1682 1770 2681
120 1780 1682 1770 2681
125 1780 1682 1770 2681
130 1780 1682 1770 2681
135 1780 1682 1770 2681
140 1780 1682 1770 2681
145 1780 1682 1770 2681
150 1780 1682 1770 2681
155 1780 1682 1770 2681
160 1780 1682 1770 2681
165 1780 1682 1770 2681
170 1780 1682 1770 2615
175 1780 1682 1770 2615
180 1780 1682 1770 2615
185 1780 1682 1770 2615
190 1780 1682 1770 2615
195 1780 1682 1770 53436
200 1780 1682 1770 53606
205 1780 1682 1770 63118
210 1780 1682 1770 63118
215 1780 1682 1770 63118
220 1780 1682 1770 63118
225 1780 1682 1770 144254
230 1780 1682 1770 144736
235 1780 1682 1770 158219
240 1780 1682 1770 162264
245 1780 1682 1770 162264
250 1780 1682 1770 168659
255 1780 1682 1770 205194
260 1780 1682 1770 251622
265 1780 1682 1770 326837
270 1780 1682 1770 326870
275 1780 1682 1770 329785
280 1780 1682 1770 335964
285 1780 1682 1770 337352
290 1780 1682 1770 347967
295 1780 1682 1770 365674
300 1780 1682 1770 368386
305 1780 1682 1770 362990
310 1780 1682 1770 363164
315 1780 1682 1770 370339
320 1780 1682 1770 391108
325 1780 1682 1770 409060
330 1780 1682 1770 444327
335 1780 1682 1770 457321
340 1780 1682 1770 472751
345 1780 1682 1770 482570
350 0 0 0 524285
355 0 0 0 524282
360 0 0 0 524285
365 0 0 141 524120
370 0 0 713 523575
375 0 0 888 523337
380 0 0 888 523334
385 0 0 888 523334
390 0 0 888 523334
395 0 0 888 523334
400 0 0 888 523334
405 0 0 888 523352
410 0 0 888 523357
415 0 0 888 523248
420 0 0 888 523220
425 0 0 888 523220
430 0 0 888 523220
435 0 0 888 523253
440 0 0 888 523284
445 0 0 888 523270
450 0 0 888 523270
455 0 0 888 523270
460 0 901 888 522438
465 0 4528 888 518854
470 0 8392 888 514950
475 0 10508 888 512875
480 0 12164 888 511211
485 0 13544 888 509828
490 0 15246 888 508148
495 0 17040 888 506356
500 0 21364 888 502004
505 0 25826 888 497524
510 0 30288 888 493108
515 0 32864 888 490374
520 0 34658 888 488742
525 0 36268 888 487110
530 0 38200 888 485190
535 0 42502 888 480838
540 0 46753 888 476614
545 0 50893 888 472470
550 0 55493 888 467879
555 0 59863 888 463496
560 0 63267 888 460098
565 0 64325 888 459074
570 0 68156 888 455234
575 0 69628 888 453750
580 0 70767 888 452633
585 0 71895 888 451481
590 0 74335 888 449049
595 0 77771 888 445593
600 0 80603 888 442777
605 0 83407 888 439982
610 0 85975 888 437397
615 0 86954 888 436426
620 0 88201 888 435181
625 0 89450 888 433901
630 0 91639 888 431725
635 0 94483 888 428909
640 0 97278 888 426093
645 0 99463 888 423810
650 0 100759 888 422607
655 0 102125 888 421274
660 0 103416 888 419872
665 0 104690 888 418560
670 389 106251 888 416700
675 1171 107502 888 414692
680 2355 108534 888 412490
685 3945 109801 888 409639
690 5818 111112 888 406462
695 8600 113872 888 400921
700 11823 117389 888 394161
705 14547 119997 888 388851
710 17545 123136 888 382665
715 21172 126390 1130 375557
720 24741 129618 1443 368485
725 26552 131027 2106 364543
730 29679 134191 3410 356953
735 33069 137617 4829 348732
740 35459 130351 5909 352561
745 36683 131711 6471 349364
750 38080 132736 6915 346482
755 39474 134035 7493 343236
760 40979 135113 8175 340005
765 42262 136220 8589 337166
770 43657 137524 9260 333787
775 44886 136297 9815 333229
780 47398 136600 10960 329284
785 50022 132602 12376 329284
790 53315 127907 13777 329284
795 56659 126411 15017 326177
800 58276 126135 15528 324339
805 59667 126135 16242 322183
810 60941 125915 16800 320623
815 62390 124271 17341 320246
820 64125 121893 18000 320246
825 67638 116986 19413 320246
830 71307 114736 20832 317368
835 74817 115810 22459 311194
840 76768 103336 22950 321223
845 78271 104613 23233 318111
850 79607 106043 23281 315295
855 82227 108700 23281 310047
860 85575 111738 23282 303647
865 88463 114760 23673 297375
870 90355 116077 24140 293678
875 91805 114972 24688 292777
880 93194 112528 25248 293275
885 94918 110435 25650 293275
890 96698 107843 26460 293259
895 100202 108867 28270 286939
900 104098 112358 29721 278054
905 105378 113461 30212 275191
910 106822 114853 30762 271837
915 108375 116329 31429 268125
920 110270 118248 32167 263561
925 113559 121643 33525 255497
930 116947 118572 35103 253632
935 120492 113954 36702 253102
940 123959 117421 38121 244778
945 126923 113306 39488 244518
950 121855 108714 40777 252909
955 121298 107984 41305 253639
960 120606 107690 42388 253551
965 107300 95250 40167 281553
970 108114 95970 40677 279472
975 108921 96471 40921 277919
980 109844 97127 41384 275901
985 111300 98196 42145 272638
990 112760 100510 42934 268083
995 113256 100814 43249 266918
1000 114721 102093 43742 263714
1005 115976 103639 44320 260354
1010 117612 105278 44909 256429
1015 119956 107829 46039 250437
1020 122634 110422 47167 244045
1025 125809 113608 48694 236165
1030 126105 113300 48612 236260
1035 126019 113651 48876 235735
1040 126268 113646 48932 235405
1045 126587 114033 49079 234498
1050 126711 114242 49147 234178
1055 126631 114363 49142 234132
1060 126279 113957 48911 235128
1065 126351 114016 48898 235018
1070 126488 113893 48895 235004
1075 126515 113783 48951 235004
1080 126797 113460 49008 235004
1085 126054 114076 49092 235004
1090 126888 116813 49712 230829
1095 129784 120297 51744 222445
1100 133341 124097 53411 213379
1105 136385 128015 55265 204571
1110 134415 130682 54852 204368
1115 130976 127913 53616 211728
1120 127473 124981 52485 219332
1125 129277 127152 53630 214177
1130 116603 114849 52968 239826
1135 117740 116141 53592 236758
1140 119290 117252 54152 233547
1145 120956 118438 54801 230070
1150 121023 118870 55002 229334
1155 121260 119082 55207 228707
1160 122087 119647 55481 227017
1165 121920 119254 56039 227017
1170 122052 119361 55806 227017
1175 121877 119231 56152 227017
1180 121215 118966 56292 227759
1185 122287 120179 56796 224930
1190 122925 120630 57044 223627
1195 122901 120784 56935 223626
1200 122406 120866 57394 223626
1205 122702 120391 57530 223626
1210 122223 120591 57787 223626
1215 115649 115621 55946 237023
1220 116106 116174 56402 235560
1225 116812 117054 56962 233404
1230 117689 118392 57796 230397
1235 119610 119707 59310 225621
1240 121066 121409 60305 221503
1245 118657 118934 59502 227173
1250 120162 120195 60150 223735
1255 121507 121267 60713 220791
1260 122906 122413 61452 217437
1265 124300 123236 62061 214648
1270 125536 124814 62786 211128
1275 127463 126937 63576 206263
1280 130738 130396 65676 197466
1285 125954 126154 63938 208191
1290 125709 125837 64023 208667
1295 125636 125877 64136 208623
1300 125933 125802 64079 208458
1305 129157 129185 65509 200399
1310 129980 130337 65734 198177
1315 129547 130183 66369 198177
1320 128043 130864 66819 198548
1325 123488 128432 66187 206134
1330 124561 129450 66496 203776
1335 122273 127960 66075 207968
1340 120131 125308 64971 213852
1345 102106 105810 54814 261543
1350 102375 106127 54565 261205
1355 103366 106491 54637 259778
1360 104176 107103 54775 258174
1365 104939 107764 55154 256374
1370 106895 109512 55692 252170
1375 109477 111830 56575 246397
1380 106403 108502 54946 254402
1385 107618 109808 55229 251588
1390 109239 111211 55893 247908
1395 110287 112227 56287 245485
1400 112816 114765 57183 239521
1405 114551 116866 57817 235045
1410 115552 117429 57976 233298
1415 116219 117885 58159 231993
1420 115506 117836 58102 232843
1425 115327 117590 58015 233341
1430 115298 117448 57737 233746
1435 115647 117660 57792 232977
1440 113737 116879 56755 236913
1445 113592 117229 56557 236871
1450 113831 117218 56452 236775
1455 113892 117454 56126 236775
1460 114202 117681 55796 236554
1465 117419 120495 57047 229304
1470 120842 123893 58521 220984
1475 122646 125399 58854 217371
1480 122995 125668 58725 216867
1485 123274 125777 58340 216867
1490 121512 124544 57320 220884
1495 121924 122814 55763 223754
1500 124575 124557 56248 218882
1505 113084 113053 49324 248796
1510 114028 113946 49416 246877
1515 114419 113787 49277 246746
1520 113318 113005 48747 249212
1525 112966 113301 48632 249360
1530 111651 110833 47660 254089
1535 111749 110909 47489 254089
1540 112002 111036 47162 254089
1545 113389 111219 46869 252781
1550 117291 114477 48306 244205
1555 106668 102198 42180 273218
1560 107061 101995 41911 273274
1565 107764 101701 41742 273072
1570 108494 101521 41685 272569
1575 109896 102007 41825 270536
1580 111674 103663 42124 266786
1585 114223 105190 42394 262439
1590 115880 107185 42929 258260
1595 109975 102254 40500 271497
1600 110385 102691 40719 270456
1605 112078 103993 41286 266872
1610 114236 106121 42141 261770
1615 117455 109252 43498 254079
1620 121096 112508 44781 245887
1625 120749 110008 44041 249468
1630 120540 109511 43994 250190
1635 120143 109610 44021 250477
1640 120543 109762 44205 249730
1645 120775 109849 44231 249424
1650 120786 110289 43973 249182
1655 122897 112954 45119 243309
1660 126025 116335 46353 235479
1665 129267 119916 47910 227180
1670 126941 110985 44614 241709
1675 128298 112524 45102 238301
1680 129733 113831 45529 235164
1685 131130 115128 46189 231772
1690 133343 116479 46680 227760
1695 135572 116763 46529 225421
1700 137959 116976 47358 221860
1705 138786 114276 46543 224670
1710 138615 111497 45397 228758
1715 138125 105235 43204 237711
1720 138047 100753 41787 243663
1725 140245 102026 42169 239839
1730 139567 98308 40851 245514
1735 140735 99368 41437 242698
1740 141908 100758 42006 239555
1745 143458 102427 42761 235587
1750 134683 105991 44395 231800
1755 135552 109862 45988 232273
1760 137002 113180 47353 226644
1765 135234 98218 40898 249873
1770 134961 99723 41330 248174
1775 134914 101160 41875 246221
1780 135612 102088 43325 243141
1785 138542 102088 46365 237253
1790 135944 102088 48811 236766
1795 134853 86135 44593 258569
1800 135212 86135 45277 257605
1805 134277 85974 45765 257648
1810 134277 85882 46524 257555
1815 134277 85882 46766 257320
1820 134266 85686 47763 256565
1825 134266 83532 50028 256422
1830 134266 81408 52138 256422
1835 134266 72556 51925 265502
1840 134266 70931 54109 264978
1845 134266 56097 51193 282677
1850 134266 53950 51902 284168
1855 134266 50624 54092 285499
1860 134266 30068 45933 313998
1865 134266 28690 46178 315138
1870 134266 28437 46845 314738
1875 134266 27791 49337 312863
1880 134266 27054 52367 310562
1885 134266 26195 55198 308594
1890 134266 22889 56986 310090
1895 132929 5780 50126 335392
1900 132929 5294 50539 335472
1905 132929 4537 52565 334249
1910 132929 4352 55029 331933
1915 132929 4352 58010 328989
1920 132929 0 51175 340124
1925 132929 0 51389 339945
1930 132929 0 54969 336333
1935 132929 0 58047 333261
1940 132929 0 61074 330253
1945 107572 0 62743 353947
1950 104532 0 63444 356299
1955 104020 0 64429 355826
1960 103892 0 64532 355826
1965 89684 0 64532 370087
1970 36928 0 64274 423049
1975 0 0 49044 475193
